16:39:35.144 [main]  INFO   com.intuit.karate  - found scenario at line: 9 - ^Film arama islemi$
16:39:35.408 [main]  WARN   com.intuit.karate  - not a js function or feature file: read('classpath:karate-config.js') - [type: STRING, value: http://www.omdbapi.com/]
16:39:36.963 [main]  INFO   com.intuit.karate  - [print] Harry Potter and the Deathly Hallows: Part 2
16:53:59.369 [main]  INFO   com.intuit.karate  - found scenario at line: 9 - ^Film arama islemi$
16:53:59.751 [main]  WARN   com.intuit.karate  - not a js function or feature file: read('classpath:karate-config.js') - [type: STRING, value: http://www.omdbapi.com/]
16:55:15.575 [main]  INFO   com.intuit.karate  - found scenario at line: 9 - ^Film arama islemi$
16:55:15.863 [main]  WARN   com.intuit.karate  - not a js function or feature file: read('classpath:karate-config.js') - [type: STRING, value: http://www.omdbapi.com/]
16:57:56.774 [main]  INFO   com.intuit.karate  - found scenario at line: 9 - ^Film arama islemi$
16:57:56.938 [main]  WARN   com.intuit.karate  - not a js function or feature file: read('classpath:karate-config.js') - [type: STRING, value: http://www.omdbapi.com/]
16:57:57.858 [main]  INFO   com.intuit.karate  - [print] [
  {
    "Title": "Harry Potter and the Deathly Hallows: Part 2",
    "Year": "2011",
    "imdbID": "tt1201607",
    "Type": "movie",
    "Poster": "https://m.media-amazon.com/images/M/MV5BMGVmMWNiMDktYjQ0Mi00MWIxLTk0N2UtN2ZlYTdkN2IzNDNlXkEyXkFqcGdeQXVyODE5NzE3OTE@._V1_SX300.jpg"
  },
  {
    "Title": "Harry Potter and the Sorcerer's Stone",
    "Year": "2001",
    "imdbID": "tt0241527",
    "Type": "movie",
    "Poster": "https://m.media-amazon.com/images/M/MV5BNjQ3NWNlNmQtMTE5ZS00MDdmLTlkZjUtZTBlM2UxMGFiMTU3XkEyXkFqcGdeQXVyNjUwNzk3NDc@._V1_SX300.jpg"
  },
  {
    "Title": "Harry Potter and the Chamber of Secrets",
    "Year": "2002",
    "imdbID": "tt0295297",
    "Type": "movie",
    "Poster": "https://m.media-amazon.com/images/M/MV5BMTcxODgwMDkxNV5BMl5BanBnXkFtZTYwMDk2MDg3._V1_SX300.jpg"
  },
  {
    "Title": "Harry Potter and the Prisoner of Azkaban",
    "Year": "2004",
    "imdbID": "tt0304141",
    "Type": "movie",
    "Poster": "https://m.media-amazon.com/images/M/MV5BMTY4NTIwODg0N15BMl5BanBnXkFtZTcwOTc0MjEzMw@@._V1_SX300.jpg"
  },
  {
    "Title": "Harry Potter and the Goblet of Fire",
    "Year": "2005",
    "imdbID": "tt0330373",
    "Type": "movie",
    "Poster": "https://m.media-amazon.com/images/M/MV5BMTI1NDMyMjExOF5BMl5BanBnXkFtZTcwOTc4MjQzMQ@@._V1_SX300.jpg"
  },
  {
    "Title": "Harry Potter and the Order of the Phoenix",
    "Year": "2007",
    "imdbID": "tt0373889",
    "Type": "movie",
    "Poster": "https://m.media-amazon.com/images/M/MV5BMTM0NTczMTUzOV5BMl5BanBnXkFtZTYwMzIxNTg3._V1_SX300.jpg"
  },
  {
    "Title": "Harry Potter and the Deathly Hallows: Part 1",
    "Year": "2010",
    "imdbID": "tt0926084",
    "Type": "movie",
    "Poster": "https://m.media-amazon.com/images/M/MV5BMTQ2OTE1Mjk0N15BMl5BanBnXkFtZTcwODE3MDAwNA@@._V1_SX300.jpg"
  },
  {
    "Title": "Harry Potter and the Half-Blood Prince",
    "Year": "2009",
    "imdbID": "tt0417741",
    "Type": "movie",
    "Poster": "https://m.media-amazon.com/images/M/MV5BNzU3NDg4NTAyNV5BMl5BanBnXkFtZTcwOTg2ODg1Mg@@._V1_SX300.jpg"
  },
  {
    "Title": "Harry Potter and the Forbidden Journey",
    "Year": "2010",
    "imdbID": "tt1756545",
    "Type": "movie",
    "Poster": "https://m.media-amazon.com/images/M/MV5BNDM0YzMyNGUtMTU1Yy00OTE2LWE5NzYtZDZhMTBmN2RkNjg3XkEyXkFqcGdeQXVyMzU5NjU1MDA@._V1_SX300.jpg"
  },
  {
    "Title": "Harry Potter and the Chamber of Secrets",
    "Year": "2002",
    "imdbID": "tt0304140",
    "Type": "game",
    "Poster": "https://m.media-amazon.com/images/M/MV5BNTM4NzQ2NjA4NV5BMl5BanBnXkFtZTgwODAwMjE4MDE@._V1_SX300.jpg"
  }
]

17:00:23.929 [main]  INFO   com.intuit.karate  - found scenario at line: 9 - ^Film arama islemi$
17:00:24.251 [main]  WARN   com.intuit.karate  - not a js function or feature file: read('classpath:karate-config.js') - [type: STRING, value: http://www.omdbapi.com/]
17:00:26.046 [main]  INFO   com.intuit.karate  - [print] [
  {
    "Title": "Harry Potter and the Deathly Hallows: Part 2",
    "Year": "2011",
    "imdbID": "tt1201607",
    "Type": "movie",
    "Poster": "https://m.media-amazon.com/images/M/MV5BMGVmMWNiMDktYjQ0Mi00MWIxLTk0N2UtN2ZlYTdkN2IzNDNlXkEyXkFqcGdeQXVyODE5NzE3OTE@._V1_SX300.jpg"
  },
  {
    "Title": "Harry Potter and the Sorcerer's Stone",
    "Year": "2001",
    "imdbID": "tt0241527",
    "Type": "movie",
    "Poster": "https://m.media-amazon.com/images/M/MV5BNjQ3NWNlNmQtMTE5ZS00MDdmLTlkZjUtZTBlM2UxMGFiMTU3XkEyXkFqcGdeQXVyNjUwNzk3NDc@._V1_SX300.jpg"
  },
  {
    "Title": "Harry Potter and the Chamber of Secrets",
    "Year": "2002",
    "imdbID": "tt0295297",
    "Type": "movie",
    "Poster": "https://m.media-amazon.com/images/M/MV5BMTcxODgwMDkxNV5BMl5BanBnXkFtZTYwMDk2MDg3._V1_SX300.jpg"
  },
  {
    "Title": "Harry Potter and the Prisoner of Azkaban",
    "Year": "2004",
    "imdbID": "tt0304141",
    "Type": "movie",
    "Poster": "https://m.media-amazon.com/images/M/MV5BMTY4NTIwODg0N15BMl5BanBnXkFtZTcwOTc0MjEzMw@@._V1_SX300.jpg"
  },
  {
    "Title": "Harry Potter and the Goblet of Fire",
    "Year": "2005",
    "imdbID": "tt0330373",
    "Type": "movie",
    "Poster": "https://m.media-amazon.com/images/M/MV5BMTI1NDMyMjExOF5BMl5BanBnXkFtZTcwOTc4MjQzMQ@@._V1_SX300.jpg"
  },
  {
    "Title": "Harry Potter and the Order of the Phoenix",
    "Year": "2007",
    "imdbID": "tt0373889",
    "Type": "movie",
    "Poster": "https://m.media-amazon.com/images/M/MV5BMTM0NTczMTUzOV5BMl5BanBnXkFtZTYwMzIxNTg3._V1_SX300.jpg"
  },
  {
    "Title": "Harry Potter and the Deathly Hallows: Part 1",
    "Year": "2010",
    "imdbID": "tt0926084",
    "Type": "movie",
    "Poster": "https://m.media-amazon.com/images/M/MV5BMTQ2OTE1Mjk0N15BMl5BanBnXkFtZTcwODE3MDAwNA@@._V1_SX300.jpg"
  },
  {
    "Title": "Harry Potter and the Half-Blood Prince",
    "Year": "2009",
    "imdbID": "tt0417741",
    "Type": "movie",
    "Poster": "https://m.media-amazon.com/images/M/MV5BNzU3NDg4NTAyNV5BMl5BanBnXkFtZTcwOTg2ODg1Mg@@._V1_SX300.jpg"
  },
  {
    "Title": "Harry Potter and the Forbidden Journey",
    "Year": "2010",
    "imdbID": "tt1756545",
    "Type": "movie",
    "Poster": "https://m.media-amazon.com/images/M/MV5BNDM0YzMyNGUtMTU1Yy00OTE2LWE5NzYtZDZhMTBmN2RkNjg3XkEyXkFqcGdeQXVyMzU5NjU1MDA@._V1_SX300.jpg"
  },
  {
    "Title": "Harry Potter and the Chamber of Secrets",
    "Year": "2002",
    "imdbID": "tt0304140",
    "Type": "game",
    "Poster": "https://m.media-amazon.com/images/M/MV5BNTM4NzQ2NjA4NV5BMl5BanBnXkFtZTgwODAwMjE4MDE@._V1_SX300.jpg"
  }
]

17:03:02.181 [main]  INFO   com.intuit.karate  - found scenario at line: 9 - ^Film arama islemi$
17:03:02.496 [main]  WARN   com.intuit.karate  - not a js function or feature file: read('classpath:karate-config.js') - [type: STRING, value: http://www.omdbapi.com/]
17:03:04.264 [main]  INFO   com.intuit.karate  - [print] [
  {
    "Title": "Harry Potter and the Deathly Hallows: Part 2",
    "Year": "2011",
    "imdbID": "tt1201607",
    "Type": "movie",
    "Poster": "https://m.media-amazon.com/images/M/MV5BMGVmMWNiMDktYjQ0Mi00MWIxLTk0N2UtN2ZlYTdkN2IzNDNlXkEyXkFqcGdeQXVyODE5NzE3OTE@._V1_SX300.jpg"
  },
  {
    "Title": "Harry Potter and the Sorcerer's Stone",
    "Year": "2001",
    "imdbID": "tt0241527",
    "Type": "movie",
    "Poster": "https://m.media-amazon.com/images/M/MV5BNjQ3NWNlNmQtMTE5ZS00MDdmLTlkZjUtZTBlM2UxMGFiMTU3XkEyXkFqcGdeQXVyNjUwNzk3NDc@._V1_SX300.jpg"
  },
  {
    "Title": "Harry Potter and the Chamber of Secrets",
    "Year": "2002",
    "imdbID": "tt0295297",
    "Type": "movie",
    "Poster": "https://m.media-amazon.com/images/M/MV5BMTcxODgwMDkxNV5BMl5BanBnXkFtZTYwMDk2MDg3._V1_SX300.jpg"
  },
  {
    "Title": "Harry Potter and the Prisoner of Azkaban",
    "Year": "2004",
    "imdbID": "tt0304141",
    "Type": "movie",
    "Poster": "https://m.media-amazon.com/images/M/MV5BMTY4NTIwODg0N15BMl5BanBnXkFtZTcwOTc0MjEzMw@@._V1_SX300.jpg"
  },
  {
    "Title": "Harry Potter and the Goblet of Fire",
    "Year": "2005",
    "imdbID": "tt0330373",
    "Type": "movie",
    "Poster": "https://m.media-amazon.com/images/M/MV5BMTI1NDMyMjExOF5BMl5BanBnXkFtZTcwOTc4MjQzMQ@@._V1_SX300.jpg"
  },
  {
    "Title": "Harry Potter and the Order of the Phoenix",
    "Year": "2007",
    "imdbID": "tt0373889",
    "Type": "movie",
    "Poster": "https://m.media-amazon.com/images/M/MV5BMTM0NTczMTUzOV5BMl5BanBnXkFtZTYwMzIxNTg3._V1_SX300.jpg"
  },
  {
    "Title": "Harry Potter and the Deathly Hallows: Part 1",
    "Year": "2010",
    "imdbID": "tt0926084",
    "Type": "movie",
    "Poster": "https://m.media-amazon.com/images/M/MV5BMTQ2OTE1Mjk0N15BMl5BanBnXkFtZTcwODE3MDAwNA@@._V1_SX300.jpg"
  },
  {
    "Title": "Harry Potter and the Half-Blood Prince",
    "Year": "2009",
    "imdbID": "tt0417741",
    "Type": "movie",
    "Poster": "https://m.media-amazon.com/images/M/MV5BNzU3NDg4NTAyNV5BMl5BanBnXkFtZTcwOTg2ODg1Mg@@._V1_SX300.jpg"
  },
  {
    "Title": "Harry Potter and the Forbidden Journey",
    "Year": "2010",
    "imdbID": "tt1756545",
    "Type": "movie",
    "Poster": "https://m.media-amazon.com/images/M/MV5BNDM0YzMyNGUtMTU1Yy00OTE2LWE5NzYtZDZhMTBmN2RkNjg3XkEyXkFqcGdeQXVyMzU5NjU1MDA@._V1_SX300.jpg"
  },
  {
    "Title": "Harry Potter and the Chamber of Secrets",
    "Year": "2002",
    "imdbID": "tt0304140",
    "Type": "game",
    "Poster": "https://m.media-amazon.com/images/M/MV5BNTM4NzQ2NjA4NV5BMl5BanBnXkFtZTgwODAwMjE4MDE@._V1_SX300.jpg"
  }
]

17:03:04.283 [main]  INFO   com.intuit.karate  - [print] 5 5
17:03:57.761 [main]  INFO   com.intuit.karate  - found scenario at line: 9 - ^Film arama islemi$
17:03:58.078 [main]  WARN   com.intuit.karate  - not a js function or feature file: read('classpath:karate-config.js') - [type: STRING, value: http://www.omdbapi.com/]
17:04:00.008 [main]  INFO   com.intuit.karate  - [print] [
  {
    "Title": "Harry Potter and the Deathly Hallows: Part 2",
    "Year": "2011",
    "imdbID": "tt1201607",
    "Type": "movie",
    "Poster": "https://m.media-amazon.com/images/M/MV5BMGVmMWNiMDktYjQ0Mi00MWIxLTk0N2UtN2ZlYTdkN2IzNDNlXkEyXkFqcGdeQXVyODE5NzE3OTE@._V1_SX300.jpg"
  },
  {
    "Title": "Harry Potter and the Sorcerer's Stone",
    "Year": "2001",
    "imdbID": "tt0241527",
    "Type": "movie",
    "Poster": "https://m.media-amazon.com/images/M/MV5BNjQ3NWNlNmQtMTE5ZS00MDdmLTlkZjUtZTBlM2UxMGFiMTU3XkEyXkFqcGdeQXVyNjUwNzk3NDc@._V1_SX300.jpg"
  },
  {
    "Title": "Harry Potter and the Chamber of Secrets",
    "Year": "2002",
    "imdbID": "tt0295297",
    "Type": "movie",
    "Poster": "https://m.media-amazon.com/images/M/MV5BMTcxODgwMDkxNV5BMl5BanBnXkFtZTYwMDk2MDg3._V1_SX300.jpg"
  },
  {
    "Title": "Harry Potter and the Prisoner of Azkaban",
    "Year": "2004",
    "imdbID": "tt0304141",
    "Type": "movie",
    "Poster": "https://m.media-amazon.com/images/M/MV5BMTY4NTIwODg0N15BMl5BanBnXkFtZTcwOTc0MjEzMw@@._V1_SX300.jpg"
  },
  {
    "Title": "Harry Potter and the Goblet of Fire",
    "Year": "2005",
    "imdbID": "tt0330373",
    "Type": "movie",
    "Poster": "https://m.media-amazon.com/images/M/MV5BMTI1NDMyMjExOF5BMl5BanBnXkFtZTcwOTc4MjQzMQ@@._V1_SX300.jpg"
  },
  {
    "Title": "Harry Potter and the Order of the Phoenix",
    "Year": "2007",
    "imdbID": "tt0373889",
    "Type": "movie",
    "Poster": "https://m.media-amazon.com/images/M/MV5BMTM0NTczMTUzOV5BMl5BanBnXkFtZTYwMzIxNTg3._V1_SX300.jpg"
  },
  {
    "Title": "Harry Potter and the Deathly Hallows: Part 1",
    "Year": "2010",
    "imdbID": "tt0926084",
    "Type": "movie",
    "Poster": "https://m.media-amazon.com/images/M/MV5BMTQ2OTE1Mjk0N15BMl5BanBnXkFtZTcwODE3MDAwNA@@._V1_SX300.jpg"
  },
  {
    "Title": "Harry Potter and the Half-Blood Prince",
    "Year": "2009",
    "imdbID": "tt0417741",
    "Type": "movie",
    "Poster": "https://m.media-amazon.com/images/M/MV5BNzU3NDg4NTAyNV5BMl5BanBnXkFtZTcwOTg2ODg1Mg@@._V1_SX300.jpg"
  },
  {
    "Title": "Harry Potter and the Forbidden Journey",
    "Year": "2010",
    "imdbID": "tt1756545",
    "Type": "movie",
    "Poster": "https://m.media-amazon.com/images/M/MV5BNDM0YzMyNGUtMTU1Yy00OTE2LWE5NzYtZDZhMTBmN2RkNjg3XkEyXkFqcGdeQXVyMzU5NjU1MDA@._V1_SX300.jpg"
  },
  {
    "Title": "Harry Potter and the Chamber of Secrets",
    "Year": "2002",
    "imdbID": "tt0304140",
    "Type": "game",
    "Poster": "https://m.media-amazon.com/images/M/MV5BNTM4NzQ2NjA4NV5BMl5BanBnXkFtZTgwODAwMjE4MDE@._V1_SX300.jpg"
  }
]

17:04:00.058 [main]  INFO   com.intuit.karate  - [print] 5 10
17:05:38.152 [main]  INFO   com.intuit.karate  - found scenario at line: 9 - ^Film arama islemi$
17:05:38.480 [main]  WARN   com.intuit.karate  - not a js function or feature file: read('classpath:karate-config.js') - [type: STRING, value: http://www.omdbapi.com/]
17:05:40.118 [main]  INFO   com.intuit.karate  - [print] [
  {
    "Title": "Harry Potter and the Deathly Hallows: Part 2",
    "Year": "2011",
    "imdbID": "tt1201607",
    "Type": "movie",
    "Poster": "https://m.media-amazon.com/images/M/MV5BMGVmMWNiMDktYjQ0Mi00MWIxLTk0N2UtN2ZlYTdkN2IzNDNlXkEyXkFqcGdeQXVyODE5NzE3OTE@._V1_SX300.jpg"
  },
  {
    "Title": "Harry Potter and the Sorcerer's Stone",
    "Year": "2001",
    "imdbID": "tt0241527",
    "Type": "movie",
    "Poster": "https://m.media-amazon.com/images/M/MV5BNjQ3NWNlNmQtMTE5ZS00MDdmLTlkZjUtZTBlM2UxMGFiMTU3XkEyXkFqcGdeQXVyNjUwNzk3NDc@._V1_SX300.jpg"
  },
  {
    "Title": "Harry Potter and the Chamber of Secrets",
    "Year": "2002",
    "imdbID": "tt0295297",
    "Type": "movie",
    "Poster": "https://m.media-amazon.com/images/M/MV5BMTcxODgwMDkxNV5BMl5BanBnXkFtZTYwMDk2MDg3._V1_SX300.jpg"
  },
  {
    "Title": "Harry Potter and the Prisoner of Azkaban",
    "Year": "2004",
    "imdbID": "tt0304141",
    "Type": "movie",
    "Poster": "https://m.media-amazon.com/images/M/MV5BMTY4NTIwODg0N15BMl5BanBnXkFtZTcwOTc0MjEzMw@@._V1_SX300.jpg"
  },
  {
    "Title": "Harry Potter and the Goblet of Fire",
    "Year": "2005",
    "imdbID": "tt0330373",
    "Type": "movie",
    "Poster": "https://m.media-amazon.com/images/M/MV5BMTI1NDMyMjExOF5BMl5BanBnXkFtZTcwOTc4MjQzMQ@@._V1_SX300.jpg"
  },
  {
    "Title": "Harry Potter and the Order of the Phoenix",
    "Year": "2007",
    "imdbID": "tt0373889",
    "Type": "movie",
    "Poster": "https://m.media-amazon.com/images/M/MV5BMTM0NTczMTUzOV5BMl5BanBnXkFtZTYwMzIxNTg3._V1_SX300.jpg"
  },
  {
    "Title": "Harry Potter and the Deathly Hallows: Part 1",
    "Year": "2010",
    "imdbID": "tt0926084",
    "Type": "movie",
    "Poster": "https://m.media-amazon.com/images/M/MV5BMTQ2OTE1Mjk0N15BMl5BanBnXkFtZTcwODE3MDAwNA@@._V1_SX300.jpg"
  },
  {
    "Title": "Harry Potter and the Half-Blood Prince",
    "Year": "2009",
    "imdbID": "tt0417741",
    "Type": "movie",
    "Poster": "https://m.media-amazon.com/images/M/MV5BNzU3NDg4NTAyNV5BMl5BanBnXkFtZTcwOTg2ODg1Mg@@._V1_SX300.jpg"
  },
  {
    "Title": "Harry Potter and the Forbidden Journey",
    "Year": "2010",
    "imdbID": "tt1756545",
    "Type": "movie",
    "Poster": "https://m.media-amazon.com/images/M/MV5BNDM0YzMyNGUtMTU1Yy00OTE2LWE5NzYtZDZhMTBmN2RkNjg3XkEyXkFqcGdeQXVyMzU5NjU1MDA@._V1_SX300.jpg"
  },
  {
    "Title": "Harry Potter and the Chamber of Secrets",
    "Year": "2002",
    "imdbID": "tt0304140",
    "Type": "game",
    "Poster": "https://m.media-amazon.com/images/M/MV5BNTM4NzQ2NjA4NV5BMl5BanBnXkFtZTgwODAwMjE4MDE@._V1_SX300.jpg"
  }
]

17:05:40.176 [main]  INFO   com.intuit.karate  - [print] 5 10
17:07:11.317 [main]  INFO   com.intuit.karate  - found scenario at line: 9 - ^Film arama islemi$
17:07:11.616 [main]  WARN   com.intuit.karate  - not a js function or feature file: read('classpath:karate-config.js') - [type: STRING, value: http://www.omdbapi.com/]
17:07:13.232 [main]  INFO   com.intuit.karate  - [print] [
  {
    "Title": "Harry Potter and the Deathly Hallows: Part 2",
    "Year": "2011",
    "imdbID": "tt1201607",
    "Type": "movie",
    "Poster": "https://m.media-amazon.com/images/M/MV5BMGVmMWNiMDktYjQ0Mi00MWIxLTk0N2UtN2ZlYTdkN2IzNDNlXkEyXkFqcGdeQXVyODE5NzE3OTE@._V1_SX300.jpg"
  },
  {
    "Title": "Harry Potter and the Sorcerer's Stone",
    "Year": "2001",
    "imdbID": "tt0241527",
    "Type": "movie",
    "Poster": "https://m.media-amazon.com/images/M/MV5BNjQ3NWNlNmQtMTE5ZS00MDdmLTlkZjUtZTBlM2UxMGFiMTU3XkEyXkFqcGdeQXVyNjUwNzk3NDc@._V1_SX300.jpg"
  },
  {
    "Title": "Harry Potter and the Chamber of Secrets",
    "Year": "2002",
    "imdbID": "tt0295297",
    "Type": "movie",
    "Poster": "https://m.media-amazon.com/images/M/MV5BMTcxODgwMDkxNV5BMl5BanBnXkFtZTYwMDk2MDg3._V1_SX300.jpg"
  },
  {
    "Title": "Harry Potter and the Prisoner of Azkaban",
    "Year": "2004",
    "imdbID": "tt0304141",
    "Type": "movie",
    "Poster": "https://m.media-amazon.com/images/M/MV5BMTY4NTIwODg0N15BMl5BanBnXkFtZTcwOTc0MjEzMw@@._V1_SX300.jpg"
  },
  {
    "Title": "Harry Potter and the Goblet of Fire",
    "Year": "2005",
    "imdbID": "tt0330373",
    "Type": "movie",
    "Poster": "https://m.media-amazon.com/images/M/MV5BMTI1NDMyMjExOF5BMl5BanBnXkFtZTcwOTc4MjQzMQ@@._V1_SX300.jpg"
  },
  {
    "Title": "Harry Potter and the Order of the Phoenix",
    "Year": "2007",
    "imdbID": "tt0373889",
    "Type": "movie",
    "Poster": "https://m.media-amazon.com/images/M/MV5BMTM0NTczMTUzOV5BMl5BanBnXkFtZTYwMzIxNTg3._V1_SX300.jpg"
  },
  {
    "Title": "Harry Potter and the Deathly Hallows: Part 1",
    "Year": "2010",
    "imdbID": "tt0926084",
    "Type": "movie",
    "Poster": "https://m.media-amazon.com/images/M/MV5BMTQ2OTE1Mjk0N15BMl5BanBnXkFtZTcwODE3MDAwNA@@._V1_SX300.jpg"
  },
  {
    "Title": "Harry Potter and the Half-Blood Prince",
    "Year": "2009",
    "imdbID": "tt0417741",
    "Type": "movie",
    "Poster": "https://m.media-amazon.com/images/M/MV5BNzU3NDg4NTAyNV5BMl5BanBnXkFtZTcwOTg2ODg1Mg@@._V1_SX300.jpg"
  },
  {
    "Title": "Harry Potter and the Forbidden Journey",
    "Year": "2010",
    "imdbID": "tt1756545",
    "Type": "movie",
    "Poster": "https://m.media-amazon.com/images/M/MV5BNDM0YzMyNGUtMTU1Yy00OTE2LWE5NzYtZDZhMTBmN2RkNjg3XkEyXkFqcGdeQXVyMzU5NjU1MDA@._V1_SX300.jpg"
  },
  {
    "Title": "Harry Potter and the Chamber of Secrets",
    "Year": "2002",
    "imdbID": "tt0304140",
    "Type": "game",
    "Poster": "https://m.media-amazon.com/images/M/MV5BNTM4NzQ2NjA4NV5BMl5BanBnXkFtZTgwODAwMjE4MDE@._V1_SX300.jpg"
  }
]

17:07:13.313 [main]  INFO   com.intuit.karate  - [print] 5 
17:07:54.409 [main]  INFO   com.intuit.karate  - found scenario at line: 9 - ^Film arama islemi$
17:07:54.668 [main]  WARN   com.intuit.karate  - not a js function or feature file: read('classpath:karate-config.js') - [type: STRING, value: http://www.omdbapi.com/]
17:07:56.248 [main]  INFO   com.intuit.karate  - [print] [
  {
    "Title": "Harry Potter and the Deathly Hallows: Part 2",
    "Year": "2011",
    "imdbID": "tt1201607",
    "Type": "movie",
    "Poster": "https://m.media-amazon.com/images/M/MV5BMGVmMWNiMDktYjQ0Mi00MWIxLTk0N2UtN2ZlYTdkN2IzNDNlXkEyXkFqcGdeQXVyODE5NzE3OTE@._V1_SX300.jpg"
  },
  {
    "Title": "Harry Potter and the Sorcerer's Stone",
    "Year": "2001",
    "imdbID": "tt0241527",
    "Type": "movie",
    "Poster": "https://m.media-amazon.com/images/M/MV5BNjQ3NWNlNmQtMTE5ZS00MDdmLTlkZjUtZTBlM2UxMGFiMTU3XkEyXkFqcGdeQXVyNjUwNzk3NDc@._V1_SX300.jpg"
  },
  {
    "Title": "Harry Potter and the Chamber of Secrets",
    "Year": "2002",
    "imdbID": "tt0295297",
    "Type": "movie",
    "Poster": "https://m.media-amazon.com/images/M/MV5BMTcxODgwMDkxNV5BMl5BanBnXkFtZTYwMDk2MDg3._V1_SX300.jpg"
  },
  {
    "Title": "Harry Potter and the Prisoner of Azkaban",
    "Year": "2004",
    "imdbID": "tt0304141",
    "Type": "movie",
    "Poster": "https://m.media-amazon.com/images/M/MV5BMTY4NTIwODg0N15BMl5BanBnXkFtZTcwOTc0MjEzMw@@._V1_SX300.jpg"
  },
  {
    "Title": "Harry Potter and the Goblet of Fire",
    "Year": "2005",
    "imdbID": "tt0330373",
    "Type": "movie",
    "Poster": "https://m.media-amazon.com/images/M/MV5BMTI1NDMyMjExOF5BMl5BanBnXkFtZTcwOTc4MjQzMQ@@._V1_SX300.jpg"
  },
  {
    "Title": "Harry Potter and the Order of the Phoenix",
    "Year": "2007",
    "imdbID": "tt0373889",
    "Type": "movie",
    "Poster": "https://m.media-amazon.com/images/M/MV5BMTM0NTczMTUzOV5BMl5BanBnXkFtZTYwMzIxNTg3._V1_SX300.jpg"
  },
  {
    "Title": "Harry Potter and the Deathly Hallows: Part 1",
    "Year": "2010",
    "imdbID": "tt0926084",
    "Type": "movie",
    "Poster": "https://m.media-amazon.com/images/M/MV5BMTQ2OTE1Mjk0N15BMl5BanBnXkFtZTcwODE3MDAwNA@@._V1_SX300.jpg"
  },
  {
    "Title": "Harry Potter and the Half-Blood Prince",
    "Year": "2009",
    "imdbID": "tt0417741",
    "Type": "movie",
    "Poster": "https://m.media-amazon.com/images/M/MV5BNzU3NDg4NTAyNV5BMl5BanBnXkFtZTcwOTg2ODg1Mg@@._V1_SX300.jpg"
  },
  {
    "Title": "Harry Potter and the Forbidden Journey",
    "Year": "2010",
    "imdbID": "tt1756545",
    "Type": "movie",
    "Poster": "https://m.media-amazon.com/images/M/MV5BNDM0YzMyNGUtMTU1Yy00OTE2LWE5NzYtZDZhMTBmN2RkNjg3XkEyXkFqcGdeQXVyMzU5NjU1MDA@._V1_SX300.jpg"
  },
  {
    "Title": "Harry Potter and the Chamber of Secrets",
    "Year": "2002",
    "imdbID": "tt0304140",
    "Type": "game",
    "Poster": "https://m.media-amazon.com/images/M/MV5BNTM4NzQ2NjA4NV5BMl5BanBnXkFtZTgwODAwMjE4MDE@._V1_SX300.jpg"
  }
]

17:07:56.335 [main]  INFO   com.intuit.karate  - [print] 5 tt0304140
17:09:50.734 [main]  INFO   com.intuit.karate  - found scenario at line: 9 - ^Film arama islemi$
17:09:50.985 [main]  WARN   com.intuit.karate  - not a js function or feature file: read('classpath:karate-config.js') - [type: STRING, value: http://www.omdbapi.com/]
17:09:52.744 [main]  INFO   com.intuit.karate  - [print] [
  {
    "Title": "Harry Potter and the Deathly Hallows: Part 2",
    "Year": "2011",
    "imdbID": "tt1201607",
    "Type": "movie",
    "Poster": "https://m.media-amazon.com/images/M/MV5BMGVmMWNiMDktYjQ0Mi00MWIxLTk0N2UtN2ZlYTdkN2IzNDNlXkEyXkFqcGdeQXVyODE5NzE3OTE@._V1_SX300.jpg"
  },
  {
    "Title": "Harry Potter and the Sorcerer's Stone",
    "Year": "2001",
    "imdbID": "tt0241527",
    "Type": "movie",
    "Poster": "https://m.media-amazon.com/images/M/MV5BNjQ3NWNlNmQtMTE5ZS00MDdmLTlkZjUtZTBlM2UxMGFiMTU3XkEyXkFqcGdeQXVyNjUwNzk3NDc@._V1_SX300.jpg"
  },
  {
    "Title": "Harry Potter and the Chamber of Secrets",
    "Year": "2002",
    "imdbID": "tt0295297",
    "Type": "movie",
    "Poster": "https://m.media-amazon.com/images/M/MV5BMTcxODgwMDkxNV5BMl5BanBnXkFtZTYwMDk2MDg3._V1_SX300.jpg"
  },
  {
    "Title": "Harry Potter and the Prisoner of Azkaban",
    "Year": "2004",
    "imdbID": "tt0304141",
    "Type": "movie",
    "Poster": "https://m.media-amazon.com/images/M/MV5BMTY4NTIwODg0N15BMl5BanBnXkFtZTcwOTc0MjEzMw@@._V1_SX300.jpg"
  },
  {
    "Title": "Harry Potter and the Goblet of Fire",
    "Year": "2005",
    "imdbID": "tt0330373",
    "Type": "movie",
    "Poster": "https://m.media-amazon.com/images/M/MV5BMTI1NDMyMjExOF5BMl5BanBnXkFtZTcwOTc4MjQzMQ@@._V1_SX300.jpg"
  },
  {
    "Title": "Harry Potter and the Order of the Phoenix",
    "Year": "2007",
    "imdbID": "tt0373889",
    "Type": "movie",
    "Poster": "https://m.media-amazon.com/images/M/MV5BMTM0NTczMTUzOV5BMl5BanBnXkFtZTYwMzIxNTg3._V1_SX300.jpg"
  },
  {
    "Title": "Harry Potter and the Deathly Hallows: Part 1",
    "Year": "2010",
    "imdbID": "tt0926084",
    "Type": "movie",
    "Poster": "https://m.media-amazon.com/images/M/MV5BMTQ2OTE1Mjk0N15BMl5BanBnXkFtZTcwODE3MDAwNA@@._V1_SX300.jpg"
  },
  {
    "Title": "Harry Potter and the Half-Blood Prince",
    "Year": "2009",
    "imdbID": "tt0417741",
    "Type": "movie",
    "Poster": "https://m.media-amazon.com/images/M/MV5BNzU3NDg4NTAyNV5BMl5BanBnXkFtZTcwOTg2ODg1Mg@@._V1_SX300.jpg"
  },
  {
    "Title": "Harry Potter and the Forbidden Journey",
    "Year": "2010",
    "imdbID": "tt1756545",
    "Type": "movie",
    "Poster": "https://m.media-amazon.com/images/M/MV5BNDM0YzMyNGUtMTU1Yy00OTE2LWE5NzYtZDZhMTBmN2RkNjg3XkEyXkFqcGdeQXVyMzU5NjU1MDA@._V1_SX300.jpg"
  },
  {
    "Title": "Harry Potter and the Chamber of Secrets",
    "Year": "2002",
    "imdbID": "tt0304140",
    "Type": "game",
    "Poster": "https://m.media-amazon.com/images/M/MV5BNTM4NzQ2NjA4NV5BMl5BanBnXkFtZTgwODAwMjE4MDE@._V1_SX300.jpg"
  }
]

17:09:52.841 [main]  INFO   com.intuit.karate  - [print] 5 tt0304140
17:11:11.469 [main]  INFO   com.intuit.karate  - found scenario at line: 9 - ^Film arama islemi$
17:11:11.682 [main]  WARN   com.intuit.karate  - not a js function or feature file: read('classpath:karate-config.js') - [type: STRING, value: http://www.omdbapi.com/]
17:11:13.455 [main]  INFO   com.intuit.karate  - [print] [
  {
    "Title": "Harry Potter and the Deathly Hallows: Part 2",
    "Year": "2011",
    "imdbID": "tt1201607",
    "Type": "movie",
    "Poster": "https://m.media-amazon.com/images/M/MV5BMGVmMWNiMDktYjQ0Mi00MWIxLTk0N2UtN2ZlYTdkN2IzNDNlXkEyXkFqcGdeQXVyODE5NzE3OTE@._V1_SX300.jpg"
  },
  {
    "Title": "Harry Potter and the Sorcerer's Stone",
    "Year": "2001",
    "imdbID": "tt0241527",
    "Type": "movie",
    "Poster": "https://m.media-amazon.com/images/M/MV5BNjQ3NWNlNmQtMTE5ZS00MDdmLTlkZjUtZTBlM2UxMGFiMTU3XkEyXkFqcGdeQXVyNjUwNzk3NDc@._V1_SX300.jpg"
  },
  {
    "Title": "Harry Potter and the Chamber of Secrets",
    "Year": "2002",
    "imdbID": "tt0295297",
    "Type": "movie",
    "Poster": "https://m.media-amazon.com/images/M/MV5BMTcxODgwMDkxNV5BMl5BanBnXkFtZTYwMDk2MDg3._V1_SX300.jpg"
  },
  {
    "Title": "Harry Potter and the Prisoner of Azkaban",
    "Year": "2004",
    "imdbID": "tt0304141",
    "Type": "movie",
    "Poster": "https://m.media-amazon.com/images/M/MV5BMTY4NTIwODg0N15BMl5BanBnXkFtZTcwOTc0MjEzMw@@._V1_SX300.jpg"
  },
  {
    "Title": "Harry Potter and the Goblet of Fire",
    "Year": "2005",
    "imdbID": "tt0330373",
    "Type": "movie",
    "Poster": "https://m.media-amazon.com/images/M/MV5BMTI1NDMyMjExOF5BMl5BanBnXkFtZTcwOTc4MjQzMQ@@._V1_SX300.jpg"
  },
  {
    "Title": "Harry Potter and the Order of the Phoenix",
    "Year": "2007",
    "imdbID": "tt0373889",
    "Type": "movie",
    "Poster": "https://m.media-amazon.com/images/M/MV5BMTM0NTczMTUzOV5BMl5BanBnXkFtZTYwMzIxNTg3._V1_SX300.jpg"
  },
  {
    "Title": "Harry Potter and the Deathly Hallows: Part 1",
    "Year": "2010",
    "imdbID": "tt0926084",
    "Type": "movie",
    "Poster": "https://m.media-amazon.com/images/M/MV5BMTQ2OTE1Mjk0N15BMl5BanBnXkFtZTcwODE3MDAwNA@@._V1_SX300.jpg"
  },
  {
    "Title": "Harry Potter and the Half-Blood Prince",
    "Year": "2009",
    "imdbID": "tt0417741",
    "Type": "movie",
    "Poster": "https://m.media-amazon.com/images/M/MV5BNzU3NDg4NTAyNV5BMl5BanBnXkFtZTcwOTg2ODg1Mg@@._V1_SX300.jpg"
  },
  {
    "Title": "Harry Potter and the Forbidden Journey",
    "Year": "2010",
    "imdbID": "tt1756545",
    "Type": "movie",
    "Poster": "https://m.media-amazon.com/images/M/MV5BNDM0YzMyNGUtMTU1Yy00OTE2LWE5NzYtZDZhMTBmN2RkNjg3XkEyXkFqcGdeQXVyMzU5NjU1MDA@._V1_SX300.jpg"
  },
  {
    "Title": "Harry Potter and the Chamber of Secrets",
    "Year": "2002",
    "imdbID": "tt0304140",
    "Type": "game",
    "Poster": "https://m.media-amazon.com/images/M/MV5BNTM4NzQ2NjA4NV5BMl5BanBnXkFtZTgwODAwMjE4MDE@._V1_SX300.jpg"
  }
]

17:11:53.780 [main]  INFO   com.intuit.karate  - found scenario at line: 9 - ^Film arama islemi$
17:11:54.069 [main]  WARN   com.intuit.karate  - not a js function or feature file: read('classpath:karate-config.js') - [type: STRING, value: http://www.omdbapi.com/]
17:11:55.626 [main]  INFO   com.intuit.karate  - [print] [
  {
    "Title": "Harry Potter and the Deathly Hallows: Part 2",
    "Year": "2011",
    "imdbID": "tt1201607",
    "Type": "movie",
    "Poster": "https://m.media-amazon.com/images/M/MV5BMGVmMWNiMDktYjQ0Mi00MWIxLTk0N2UtN2ZlYTdkN2IzNDNlXkEyXkFqcGdeQXVyODE5NzE3OTE@._V1_SX300.jpg"
  },
  {
    "Title": "Harry Potter and the Sorcerer's Stone",
    "Year": "2001",
    "imdbID": "tt0241527",
    "Type": "movie",
    "Poster": "https://m.media-amazon.com/images/M/MV5BNjQ3NWNlNmQtMTE5ZS00MDdmLTlkZjUtZTBlM2UxMGFiMTU3XkEyXkFqcGdeQXVyNjUwNzk3NDc@._V1_SX300.jpg"
  },
  {
    "Title": "Harry Potter and the Chamber of Secrets",
    "Year": "2002",
    "imdbID": "tt0295297",
    "Type": "movie",
    "Poster": "https://m.media-amazon.com/images/M/MV5BMTcxODgwMDkxNV5BMl5BanBnXkFtZTYwMDk2MDg3._V1_SX300.jpg"
  },
  {
    "Title": "Harry Potter and the Prisoner of Azkaban",
    "Year": "2004",
    "imdbID": "tt0304141",
    "Type": "movie",
    "Poster": "https://m.media-amazon.com/images/M/MV5BMTY4NTIwODg0N15BMl5BanBnXkFtZTcwOTc0MjEzMw@@._V1_SX300.jpg"
  },
  {
    "Title": "Harry Potter and the Goblet of Fire",
    "Year": "2005",
    "imdbID": "tt0330373",
    "Type": "movie",
    "Poster": "https://m.media-amazon.com/images/M/MV5BMTI1NDMyMjExOF5BMl5BanBnXkFtZTcwOTc4MjQzMQ@@._V1_SX300.jpg"
  },
  {
    "Title": "Harry Potter and the Order of the Phoenix",
    "Year": "2007",
    "imdbID": "tt0373889",
    "Type": "movie",
    "Poster": "https://m.media-amazon.com/images/M/MV5BMTM0NTczMTUzOV5BMl5BanBnXkFtZTYwMzIxNTg3._V1_SX300.jpg"
  },
  {
    "Title": "Harry Potter and the Deathly Hallows: Part 1",
    "Year": "2010",
    "imdbID": "tt0926084",
    "Type": "movie",
    "Poster": "https://m.media-amazon.com/images/M/MV5BMTQ2OTE1Mjk0N15BMl5BanBnXkFtZTcwODE3MDAwNA@@._V1_SX300.jpg"
  },
  {
    "Title": "Harry Potter and the Half-Blood Prince",
    "Year": "2009",
    "imdbID": "tt0417741",
    "Type": "movie",
    "Poster": "https://m.media-amazon.com/images/M/MV5BNzU3NDg4NTAyNV5BMl5BanBnXkFtZTcwOTg2ODg1Mg@@._V1_SX300.jpg"
  },
  {
    "Title": "Harry Potter and the Forbidden Journey",
    "Year": "2010",
    "imdbID": "tt1756545",
    "Type": "movie",
    "Poster": "https://m.media-amazon.com/images/M/MV5BNDM0YzMyNGUtMTU1Yy00OTE2LWE5NzYtZDZhMTBmN2RkNjg3XkEyXkFqcGdeQXVyMzU5NjU1MDA@._V1_SX300.jpg"
  },
  {
    "Title": "Harry Potter and the Chamber of Secrets",
    "Year": "2002",
    "imdbID": "tt0304140",
    "Type": "game",
    "Poster": "https://m.media-amazon.com/images/M/MV5BNTM4NzQ2NjA4NV5BMl5BanBnXkFtZTgwODAwMjE4MDE@._V1_SX300.jpg"
  }
]

17:11:55.712 [main]  INFO   com.intuit.karate  - [print] 5 tt0241527
17:13:59.302 [main]  INFO   com.intuit.karate  - found scenario at line: 9 - ^Film arama islemi$
17:13:59.549 [main]  WARN   com.intuit.karate  - not a js function or feature file: read('classpath:karate-config.js') - [type: STRING, value: http://www.omdbapi.com/]
17:14:00.672 [main]  INFO   com.intuit.karate  - [print] [
  {
    "Title": "Harry Potter and the Deathly Hallows: Part 2",
    "Year": "2011",
    "imdbID": "tt1201607",
    "Type": "movie",
    "Poster": "https://m.media-amazon.com/images/M/MV5BMGVmMWNiMDktYjQ0Mi00MWIxLTk0N2UtN2ZlYTdkN2IzNDNlXkEyXkFqcGdeQXVyODE5NzE3OTE@._V1_SX300.jpg"
  },
  {
    "Title": "Harry Potter and the Sorcerer's Stone",
    "Year": "2001",
    "imdbID": "tt0241527",
    "Type": "movie",
    "Poster": "https://m.media-amazon.com/images/M/MV5BNjQ3NWNlNmQtMTE5ZS00MDdmLTlkZjUtZTBlM2UxMGFiMTU3XkEyXkFqcGdeQXVyNjUwNzk3NDc@._V1_SX300.jpg"
  },
  {
    "Title": "Harry Potter and the Chamber of Secrets",
    "Year": "2002",
    "imdbID": "tt0295297",
    "Type": "movie",
    "Poster": "https://m.media-amazon.com/images/M/MV5BMTcxODgwMDkxNV5BMl5BanBnXkFtZTYwMDk2MDg3._V1_SX300.jpg"
  },
  {
    "Title": "Harry Potter and the Prisoner of Azkaban",
    "Year": "2004",
    "imdbID": "tt0304141",
    "Type": "movie",
    "Poster": "https://m.media-amazon.com/images/M/MV5BMTY4NTIwODg0N15BMl5BanBnXkFtZTcwOTc0MjEzMw@@._V1_SX300.jpg"
  },
  {
    "Title": "Harry Potter and the Goblet of Fire",
    "Year": "2005",
    "imdbID": "tt0330373",
    "Type": "movie",
    "Poster": "https://m.media-amazon.com/images/M/MV5BMTI1NDMyMjExOF5BMl5BanBnXkFtZTcwOTc4MjQzMQ@@._V1_SX300.jpg"
  },
  {
    "Title": "Harry Potter and the Order of the Phoenix",
    "Year": "2007",
    "imdbID": "tt0373889",
    "Type": "movie",
    "Poster": "https://m.media-amazon.com/images/M/MV5BMTM0NTczMTUzOV5BMl5BanBnXkFtZTYwMzIxNTg3._V1_SX300.jpg"
  },
  {
    "Title": "Harry Potter and the Deathly Hallows: Part 1",
    "Year": "2010",
    "imdbID": "tt0926084",
    "Type": "movie",
    "Poster": "https://m.media-amazon.com/images/M/MV5BMTQ2OTE1Mjk0N15BMl5BanBnXkFtZTcwODE3MDAwNA@@._V1_SX300.jpg"
  },
  {
    "Title": "Harry Potter and the Half-Blood Prince",
    "Year": "2009",
    "imdbID": "tt0417741",
    "Type": "movie",
    "Poster": "https://m.media-amazon.com/images/M/MV5BNzU3NDg4NTAyNV5BMl5BanBnXkFtZTcwOTg2ODg1Mg@@._V1_SX300.jpg"
  },
  {
    "Title": "Harry Potter and the Forbidden Journey",
    "Year": "2010",
    "imdbID": "tt1756545",
    "Type": "movie",
    "Poster": "https://m.media-amazon.com/images/M/MV5BNDM0YzMyNGUtMTU1Yy00OTE2LWE5NzYtZDZhMTBmN2RkNjg3XkEyXkFqcGdeQXVyMzU5NjU1MDA@._V1_SX300.jpg"
  },
  {
    "Title": "Harry Potter and the Chamber of Secrets",
    "Year": "2002",
    "imdbID": "tt0304140",
    "Type": "game",
    "Poster": "https://m.media-amazon.com/images/M/MV5BNTM4NzQ2NjA4NV5BMl5BanBnXkFtZTgwODAwMjE4MDE@._V1_SX300.jpg"
  }
]

17:14:00.744 [main]  INFO   com.intuit.karate  - [print] Harry Potter and the Sorcerer's Stone  titlına ait ımdbID :  tt0241527
17:14:11.343 [main]  INFO   com.intuit.karate  - found scenario at line: 9 - ^Film arama islemi$
17:14:11.648 [main]  WARN   com.intuit.karate  - not a js function or feature file: read('classpath:karate-config.js') - [type: STRING, value: http://www.omdbapi.com/]
17:14:13.283 [main]  INFO   com.intuit.karate  - [print] Harry Potter and the Sorcerer's Stone  titlına ait ımdbID :-  tt0241527
17:21:58.263 [main]  INFO   com.intuit.karate  - found scenario at line: 9 - ^Film arama islemi$
17:21:58.503 [main]  WARN   com.intuit.karate  - not a js function or feature file: read('classpath:karate-config.js') - [type: STRING, value: http://www.omdbapi.com/]
17:21:59.534 [main]  INFO   com.intuit.karate  - [print] Harry Potter and the Sorcerer's Stone  titlına ait ımdbID :  tt0241527
17:21:59.653 [main]  INFO   com.intuit.karate  - [print] {
  "Response": "False",
  "Error": "No API key provided."
}

17:28:20.315 [main]  INFO   com.intuit.karate  - found scenario at line: 9 - ^Film arama islemi$
17:28:20.635 [main]  WARN   com.intuit.karate  - not a js function or feature file: read('classpath:karate-config.js') - [type: STRING, value: http://www.omdbapi.com/]
17:28:22.603 [main]  ERROR  com.intuit.karate  - status code was: 401, expected: 200, response time: 565, url: http://www.omdbapi.com/?apikeyVal=c1bc82d9&sVal=Harry+potter, response: {"Response":"False","Error":"No API key provided."}
17:31:40.309 [main]  INFO   com.intuit.karate  - found scenario at line: 9 - ^Film arama islemi$
17:31:40.625 [main]  WARN   com.intuit.karate  - not a js function or feature file: read('classpath:karate-config.js') - [type: STRING, value: http://www.omdbapi.com/]
17:31:42.599 [main]  ERROR  com.intuit.karate  - status code was: 401, expected: 200, response time: 485, url: http://www.omdbapi.com/?apikeyVal=a212322&sVal=Harry+potter, response: {"Response":"False","Error":"No API key provided."}
17:32:38.508 [main]  INFO   com.intuit.karate  - found scenario at line: 9 - ^Film arama islemi$
17:32:38.893 [main]  WARN   com.intuit.karate  - not a js function or feature file: read('classpath:karate-config.js') - [type: STRING, value: http://www.omdbapi.com/]
17:32:40.592 [main]  ERROR  com.intuit.karate  - status code was: 401, expected: 200, response time: 198, url: http://www.omdbapi.com/?apikeyVal=a212322&sVal=Harry+potter, response: {"Response":"False","Error":"No API key provided."}
17:33:27.060 [main]  INFO   com.intuit.karate  - found scenario at line: 9 - ^Film arama islemi$
17:33:27.356 [main]  WARN   com.intuit.karate  - not a js function or feature file: read('classpath:karate-config.js') - [type: STRING, value: http://www.omdbapi.com/]
17:33:29.377 [main]  ERROR  com.intuit.karate  - status code was: 401, expected: 200, response time: 492, url: http://www.omdbapi.com/?apikey=a212322&s=Harry+potter, response: {"Response":"False","Error":"Invalid API key!"}
17:33:56.563 [main]  INFO   com.intuit.karate  - found scenario at line: 9 - ^Film arama islemi$
17:33:56.928 [main]  WARN   com.intuit.karate  - not a js function or feature file: read('classpath:karate-config.js') - [type: STRING, value: http://www.omdbapi.com/]
17:33:58.578 [main]  ERROR  com.intuit.karate  - status code was: 401, expected: 200, response time: 230, url: http://www.omdbapi.com/?apikey=a212322&s=Harry+potter, response: {"Response":"False","Error":"Invalid API key!"}
17:34:46.520 [main]  INFO   com.intuit.karate  - found scenario at line: 9 - ^Film arama islemi$
17:34:46.703 [main]  WARN   com.intuit.karate  - not a js function or feature file: read('classpath:karate-config.js') - [type: STRING, value: http://www.omdbapi.com/]
17:34:47.972 [main]  ERROR  com.intuit.karate  - status code was: 401, expected: 200, response time: 177, url: http://www.omdbapi.com/?apikey=a212322&s=Harry+potter, response: {"Response":"False","Error":"Invalid API key!"}
17:35:53.598 [main]  INFO   com.intuit.karate  - found scenario at line: 9 - ^Film arama islemi$
17:35:53.842 [main]  WARN   com.intuit.karate  - not a js function or feature file: read('classpath:karate-config.js') - [type: STRING, value: http://www.omdbapi.com/]
17:35:55.634 [main]  INFO   com.intuit.karate  - [print] Harry Potter and the Sorcerer's Stone  titlına ait ımdbID :  tt0241527
17:35:55.793 [main]  INFO   com.intuit.karate  - [print] {
  "Response": "False",
  "Error": "No API key provided."
}

17:36:48.259 [main]  INFO   com.intuit.karate  - found scenario at line: 9 - ^Film arama islemi$
17:36:48.411 [main]  WARN   com.intuit.karate  - not a js function or feature file: read('classpath:karate-config.js') - [type: STRING, value: http://www.omdbapi.com/]
17:36:49.366 [main]  INFO   com.intuit.karate  - [print] Harry Potter and the Sorcerer's Stone  titlına ait ımdbID :  tt0241527
17:36:49.516 [main]  INFO   com.intuit.karate  - [print] {
  "Response": "False",
  "Error": "No API key provided."
}

17:37:06.866 [main]  INFO   com.intuit.karate  - found scenario at line: 9 - ^Film arama islemi$
17:37:07.043 [main]  WARN   com.intuit.karate  - not a js function or feature file: read('classpath:karate-config.js') - [type: STRING, value: http://www.omdbapi.com/]
17:37:08.213 [main]  INFO   com.intuit.karate  - [print] Harry Potter and the Sorcerer's Stone  titlına ait ımdbID :  tt0241527
17:37:08.342 [main]  INFO   com.intuit.karate  - [print] {
  "Response": "False",
  "Error": "No API key provided."
}

17:37:24.642 [main]  INFO   com.intuit.karate  - found scenario at line: 9 - ^Film arama islemi$
17:37:24.826 [main]  WARN   com.intuit.karate  - not a js function or feature file: read('classpath:karate-config.js') - [type: STRING, value: http://www.omdbapi.com/]
17:37:26.229 [main]  INFO   com.intuit.karate  - [print] Harry Potter and the Sorcerer's Stone  titlına ait ımdbID :  tt0241527
17:37:26.373 [main]  INFO   com.intuit.karate  - [print] {
  "Response": "False",
  "Error": "No API key provided."
}

17:37:55.357 [main]  INFO   com.intuit.karate  - found scenario at line: 9 - ^Film arama islemi$
17:37:55.532 [main]  WARN   com.intuit.karate  - not a js function or feature file: read('classpath:karate-config.js') - [type: STRING, value: http://www.omdbapi.com/]
17:37:56.474 [main]  INFO   com.intuit.karate  - [print] Harry Potter and the Sorcerer's Stone  titlına ait ımdbID :  tt0241527
17:37:56.694 [main]  INFO   com.intuit.karate  - [print] {
  "Response": "False",
  "Error": "No API key provided."
}

17:38:37.336 [main]  INFO   com.intuit.karate  - found scenario at line: 9 - ^Film arama islemi$
17:38:37.494 [main]  WARN   com.intuit.karate  - not a js function or feature file: read('classpath:karate-config.js') - [type: STRING, value: http://www.omdbapi.com/]
17:38:38.546 [main]  INFO   com.intuit.karate  - [print] Harry Potter and the Sorcerer's Stone  titlına ait ımdbID :  tt0241527
17:38:39.053 [main]  INFO   com.intuit.karate  - [print] <html xmlns="http://www.w3.org/1999/xhtml">
  <head>
    <meta content="text/html; charset=iso-8859-1" http-equiv="Content-Type"/>
    <title>404 - File or directory not found.</title>
    <style type="text/css">
      <!--
body{margin:0;font-size:.7em;font-family:Verdana, Arial, Helvetica, sans-serif;background:#EEEEEE;}
fieldset{padding:0 15px 10px 15px;} 
h1{font-size:2.4em;margin:0;color:#FFF;}
h2{font-size:1.7em;margin:0;color:#CC0000;} 
h3{font-size:1.2em;margin:10px 0 0 0;color:#000000;} 
#header{width:96%;margin:0 0 0 0;padding:6px 2% 6px 2%;font-family:"trebuchet MS", Verdana, sans-serif;color:#FFF;
background-color:#555555;}
#content{margin:0 0 0 2%;position:relative;}
.content-container{background:#FFF;width:96%;margin-top:8px;padding:10px;position:relative;}
-->
    </style>
  </head>
  <body>
    <div id="header">
      <h1>Server Error</h1>
    </div>
    <div id="content">
      <div class="content-container">
        <fieldset>
          <h2>404 - File or directory not found.</h2>
          <h3>The resource you are looking for might have been removed, had its name changed, or is temporarily unavailable.</h3>
        </fieldset>
      </div>
    </div>
  </body>
</html>

17:39:24.843 [main]  INFO   com.intuit.karate  - found scenario at line: 9 - ^Film arama islemi$
17:39:25.003 [main]  WARN   com.intuit.karate  - not a js function or feature file: read('classpath:karate-config.js') - [type: STRING, value: http://www.omdbapi.com/]
17:39:26.040 [main]  INFO   com.intuit.karate  - [print] Harry Potter and the Sorcerer's Stone  titlına ait ımdbID :  tt0241527
17:39:26.047 [main]  ERROR  com.intuit.karate  - org.apache.http.client.ClientProtocolException, http call failed after 330 milliseconds for URL: omdbapiURLtt0241527
17:39:26.048 [main]  ERROR  com.intuit.karate  - http request failed: 
org.apache.http.client.ClientProtocolException
17:39:48.281 [main]  INFO   com.intuit.karate  - found scenario at line: 9 - ^Film arama islemi$
17:39:48.440 [main]  WARN   com.intuit.karate  - not a js function or feature file: read('classpath:karate-config.js') - [type: STRING, value: http://www.omdbapi.com/]
17:39:49.425 [main]  INFO   com.intuit.karate  - [print] Harry Potter and the Sorcerer's Stone  titlına ait ımdbID :  tt0241527
17:39:49.431 [main]  ERROR  com.intuit.karate  - org.apache.http.client.ClientProtocolException, http call failed after 321 milliseconds for URL: omdbapiURLtt0241527
17:39:49.432 [main]  ERROR  com.intuit.karate  - http request failed: 
org.apache.http.client.ClientProtocolException
17:54:53.068 [main]  INFO   com.intuit.karate  - found scenario at line: 9 - ^Film arama islemi$
17:54:53.226 [main]  WARN   com.intuit.karate  - not a js function or feature file: read('classpath:karate-config.js') - [type: STRING, value: http://www.omdbapi.com/]
17:54:54.258 [main]  INFO   com.intuit.karate  - [print] Harry Potter and the Sorcerer's Stone  titlına ait ımdbID :  tt0241527
17:54:54.388 [main]  INFO   com.intuit.karate  - [print] {
  "Response": "False",
  "Error": "No API key provided."
}

18:46:38.349 [main]  INFO   com.intuit.karate  - found scenario at line: 9 - ^Film arama islemi$
18:46:38.540 [main]  WARN   com.intuit.karate  - not a js function or feature file: read('classpath:karate-config.js') - [type: STRING, value: http://www.omdbapi.com/]
18:46:39.688 [main]  INFO   com.intuit.karate  - [print] Harry Potter and the Sorcerer's Stone  titlına ait ımdbID :  tt0241527
18:46:40.104 [main]  INFO   com.intuit.karate  - [print] {
  "Response": "False",
  "Error": "No API key provided."
}

18:50:48.533 [main]  INFO   com.intuit.karate  - found scenario at line: 9 - ^Film arama islemi$
18:50:48.672 [main]  WARN   com.intuit.karate  - not a js function or feature file: read('classpath:karate-config.js') - [type: STRING, value: http://www.omdbapi.com/]
18:50:49.632 [main]  INFO   com.intuit.karate  - [print] Harry Potter and the Sorcerer's Stone  titlına ait ımdbID :  tt0241527
18:50:50.075 [main]  INFO   com.intuit.karate  - [print] {
  "Title": "Harry Potter and the Sorcerer's Stone",
  "Year": "2001",
  "Rated": "PG",
  "Released": "16 Nov 2001",
  "Runtime": "152 min",
  "Genre": "Adventure, Family, Fantasy",
  "Director": "Chris Columbus",
  "Writer": "J.K. Rowling, Steve Kloves",
  "Actors": "Daniel Radcliffe, Rupert Grint, Richard Harris",
  "Plot": "An orphaned boy enrolls in a school of wizardry, where he learns the truth about himself, his family and the terrible evil that haunts the magical world.",
  "Language": "English",
  "Country": "United Kingdom, United States",
  "Awards": "Nominated for 3 Oscars. 17 wins & 68 nominations total",
  "Poster": "https://m.media-amazon.com/images/M/MV5BNjQ3NWNlNmQtMTE5ZS00MDdmLTlkZjUtZTBlM2UxMGFiMTU3XkEyXkFqcGdeQXVyNjUwNzk3NDc@._V1_SX300.jpg",
  "Ratings": [
    {
      "Source": "Internet Movie Database",
      "Value": "7.6/10"
    },
    {
      "Source": "Rotten Tomatoes",
      "Value": "81%"
    },
    {
      "Source": "Metacritic",
      "Value": "64/100"
    }
  ],
  "Metascore": "64",
  "imdbRating": "7.6",
  "imdbVotes": "684,604",
  "imdbID": "tt0241527",
  "Type": "movie",
  "DVD": "16 Dec 2012",
  "BoxOffice": "$318,087,620",
  "Production": "1492 Pictures, Heyday Films, Warner Brothers",
  "Website": "N/A",
  "Response": "True"
}

19:57:27.225 [main]  INFO   com.intuit.karate  - found scenario at line: 9 - ^Film arama islemi$
19:57:27.416 [main]  WARN   com.intuit.karate  - not a js function or feature file: read('classpath:karate-config.js') - [type: STRING, value: http://www.omdbapi.com/]
19:57:28.529 [main]  INFO   com.intuit.karate  - [print] Harry Potter and the Sorcerer's Stone  titlına ait ımdbID :  tt0241527
19:57:28.652 [main]  INFO   com.intuit.karate  - [print] {
  "Title": "Harry Potter and the Sorcerer's Stone",
  "Year": "2001",
  "Rated": "PG",
  "Released": "16 Nov 2001",
  "Runtime": "152 min",
  "Genre": "Adventure, Family, Fantasy",
  "Director": "Chris Columbus",
  "Writer": "J.K. Rowling, Steve Kloves",
  "Actors": "Daniel Radcliffe, Rupert Grint, Richard Harris",
  "Plot": "An orphaned boy enrolls in a school of wizardry, where he learns the truth about himself, his family and the terrible evil that haunts the magical world.",
  "Language": "English",
  "Country": "United Kingdom, United States",
  "Awards": "Nominated for 3 Oscars. 17 wins & 68 nominations total",
  "Poster": "https://m.media-amazon.com/images/M/MV5BNjQ3NWNlNmQtMTE5ZS00MDdmLTlkZjUtZTBlM2UxMGFiMTU3XkEyXkFqcGdeQXVyNjUwNzk3NDc@._V1_SX300.jpg",
  "Ratings": [
    {
      "Source": "Internet Movie Database",
      "Value": "7.6/10"
    },
    {
      "Source": "Rotten Tomatoes",
      "Value": "81%"
    },
    {
      "Source": "Metacritic",
      "Value": "64/100"
    }
  ],
  "Metascore": "64",
  "imdbRating": "7.6",
  "imdbVotes": "684,604",
  "imdbID": "tt0241527",
  "Type": "movie",
  "DVD": "16 Dec 2012",
  "BoxOffice": "$318,087,620",
  "Production": "1492 Pictures, Heyday Films, Warner Brothers",
  "Website": "N/A",
  "Response": "True"
}

19:57:28.657 [main]  ERROR  com.intuit.karate  - assertion failed: path: $.year, actual: null, expected: 2001, reason: actual json-path does not exist
19:58:31.336 [main]  INFO   com.intuit.karate  - found scenario at line: 9 - ^Film arama islemi$
19:58:31.552 [main]  WARN   com.intuit.karate  - not a js function or feature file: read('classpath:karate-config.js') - [type: STRING, value: http://www.omdbapi.com/]
19:58:32.656 [main]  INFO   com.intuit.karate  - [print] Harry Potter and the Sorcerer's Stone  titlına ait ımdbID :  tt0241527
19:58:32.808 [main]  INFO   com.intuit.karate  - [print] {
  "Title": "Harry Potter and the Sorcerer's Stone",
  "Year": "2001",
  "Rated": "PG",
  "Released": "16 Nov 2001",
  "Runtime": "152 min",
  "Genre": "Adventure, Family, Fantasy",
  "Director": "Chris Columbus",
  "Writer": "J.K. Rowling, Steve Kloves",
  "Actors": "Daniel Radcliffe, Rupert Grint, Richard Harris",
  "Plot": "An orphaned boy enrolls in a school of wizardry, where he learns the truth about himself, his family and the terrible evil that haunts the magical world.",
  "Language": "English",
  "Country": "United Kingdom, United States",
  "Awards": "Nominated for 3 Oscars. 17 wins & 68 nominations total",
  "Poster": "https://m.media-amazon.com/images/M/MV5BNjQ3NWNlNmQtMTE5ZS00MDdmLTlkZjUtZTBlM2UxMGFiMTU3XkEyXkFqcGdeQXVyNjUwNzk3NDc@._V1_SX300.jpg",
  "Ratings": [
    {
      "Source": "Internet Movie Database",
      "Value": "7.6/10"
    },
    {
      "Source": "Rotten Tomatoes",
      "Value": "81%"
    },
    {
      "Source": "Metacritic",
      "Value": "64/100"
    }
  ],
  "Metascore": "64",
  "imdbRating": "7.6",
  "imdbVotes": "684,604",
  "imdbID": "tt0241527",
  "Type": "movie",
  "DVD": "16 Dec 2012",
  "BoxOffice": "$318,087,620",
  "Production": "1492 Pictures, Heyday Films, Warner Brothers",
  "Website": "N/A",
  "Response": "True"
}

19:58:32.813 [main]  ERROR  com.intuit.karate  - assertion failed: path: $.search.year, actual: null, expected: 2001, reason: actual json-path does not exist
20:00:04.236 [main]  INFO   com.intuit.karate  - found scenario at line: 9 - ^Film arama islemi$
20:00:04.423 [main]  WARN   com.intuit.karate  - not a js function or feature file: read('classpath:karate-config.js') - [type: STRING, value: http://www.omdbapi.com/]
20:00:05.456 [main]  INFO   com.intuit.karate  - [print] Harry Potter and the Sorcerer's Stone  titlına ait ımdbID :  tt0241527
20:00:05.577 [main]  INFO   com.intuit.karate  - [print] {
  "Title": "Harry Potter and the Sorcerer's Stone",
  "Year": "2001",
  "Rated": "PG",
  "Released": "16 Nov 2001",
  "Runtime": "152 min",
  "Genre": "Adventure, Family, Fantasy",
  "Director": "Chris Columbus",
  "Writer": "J.K. Rowling, Steve Kloves",
  "Actors": "Daniel Radcliffe, Rupert Grint, Richard Harris",
  "Plot": "An orphaned boy enrolls in a school of wizardry, where he learns the truth about himself, his family and the terrible evil that haunts the magical world.",
  "Language": "English",
  "Country": "United Kingdom, United States",
  "Awards": "Nominated for 3 Oscars. 17 wins & 68 nominations total",
  "Poster": "https://m.media-amazon.com/images/M/MV5BNjQ3NWNlNmQtMTE5ZS00MDdmLTlkZjUtZTBlM2UxMGFiMTU3XkEyXkFqcGdeQXVyNjUwNzk3NDc@._V1_SX300.jpg",
  "Ratings": [
    {
      "Source": "Internet Movie Database",
      "Value": "7.6/10"
    },
    {
      "Source": "Rotten Tomatoes",
      "Value": "81%"
    },
    {
      "Source": "Metacritic",
      "Value": "64/100"
    }
  ],
  "Metascore": "64",
  "imdbRating": "7.6",
  "imdbVotes": "684,604",
  "imdbID": "tt0241527",
  "Type": "movie",
  "DVD": "16 Dec 2012",
  "BoxOffice": "$318,087,620",
  "Production": "1492 Pictures, Heyday Films, Warner Brothers",
  "Website": "N/A",
  "Response": "True"
}

20:00:05.581 [main]  ERROR  com.intuit.karate  - assertion failed: path: $.Search.year, actual: null, expected: 2001, reason: actual json-path does not exist
20:01:46.376 [main]  INFO   com.intuit.karate  - found scenario at line: 9 - ^Film arama islemi$
20:01:46.561 [main]  WARN   com.intuit.karate  - not a js function or feature file: read('classpath:karate-config.js') - [type: STRING, value: http://www.omdbapi.com/]
20:01:47.570 [main]  INFO   com.intuit.karate  - [print] Harry Potter and the Sorcerer's Stone  titlına ait ımdbID :  tt0241527
20:01:47.746 [main]  INFO   com.intuit.karate  - [print] {
  "Title": "Harry Potter and the Sorcerer's Stone",
  "Year": "2001",
  "Rated": "PG",
  "Released": "16 Nov 2001",
  "Runtime": "152 min",
  "Genre": "Adventure, Family, Fantasy",
  "Director": "Chris Columbus",
  "Writer": "J.K. Rowling, Steve Kloves",
  "Actors": "Daniel Radcliffe, Rupert Grint, Richard Harris",
  "Plot": "An orphaned boy enrolls in a school of wizardry, where he learns the truth about himself, his family and the terrible evil that haunts the magical world.",
  "Language": "English",
  "Country": "United Kingdom, United States",
  "Awards": "Nominated for 3 Oscars. 17 wins & 68 nominations total",
  "Poster": "https://m.media-amazon.com/images/M/MV5BNjQ3NWNlNmQtMTE5ZS00MDdmLTlkZjUtZTBlM2UxMGFiMTU3XkEyXkFqcGdeQXVyNjUwNzk3NDc@._V1_SX300.jpg",
  "Ratings": [
    {
      "Source": "Internet Movie Database",
      "Value": "7.6/10"
    },
    {
      "Source": "Rotten Tomatoes",
      "Value": "81%"
    },
    {
      "Source": "Metacritic",
      "Value": "64/100"
    }
  ],
  "Metascore": "64",
  "imdbRating": "7.6",
  "imdbVotes": "684,604",
  "imdbID": "tt0241527",
  "Type": "movie",
  "DVD": "16 Dec 2012",
  "BoxOffice": "$318,087,620",
  "Production": "1492 Pictures, Heyday Films, Warner Brothers",
  "Website": "N/A",
  "Response": "True"
}

20:01:47.757 [main]  ERROR  com.intuit.karate  - assertion failed: path: $.Search.Year, actual: null, expected: 2001, reason: actual json-path does not exist
20:07:21.953 [main]  INFO   com.intuit.karate  - found scenario at line: 9 - ^Film arama islemi$
20:07:22.091 [main]  WARN   com.intuit.karate  - not a js function or feature file: read('classpath:karate-config.js') - [type: STRING, value: http://www.omdbapi.com/]
20:07:23.238 [main]  INFO   com.intuit.karate  - [print] Harry Potter and the Sorcerer's Stone  titlına ait ımdbID :  tt0241527
20:07:23.383 [main]  INFO   com.intuit.karate  - [print] {
  "Title": "Harry Potter and the Sorcerer's Stone",
  "Year": "2001",
  "Rated": "PG",
  "Released": "16 Nov 2001",
  "Runtime": "152 min",
  "Genre": "Adventure, Family, Fantasy",
  "Director": "Chris Columbus",
  "Writer": "J.K. Rowling, Steve Kloves",
  "Actors": "Daniel Radcliffe, Rupert Grint, Richard Harris",
  "Plot": "An orphaned boy enrolls in a school of wizardry, where he learns the truth about himself, his family and the terrible evil that haunts the magical world.",
  "Language": "English",
  "Country": "United Kingdom, United States",
  "Awards": "Nominated for 3 Oscars. 17 wins & 68 nominations total",
  "Poster": "https://m.media-amazon.com/images/M/MV5BNjQ3NWNlNmQtMTE5ZS00MDdmLTlkZjUtZTBlM2UxMGFiMTU3XkEyXkFqcGdeQXVyNjUwNzk3NDc@._V1_SX300.jpg",
  "Ratings": [
    {
      "Source": "Internet Movie Database",
      "Value": "7.6/10"
    },
    {
      "Source": "Rotten Tomatoes",
      "Value": "81%"
    },
    {
      "Source": "Metacritic",
      "Value": "64/100"
    }
  ],
  "Metascore": "64",
  "imdbRating": "7.6",
  "imdbVotes": "684,604",
  "imdbID": "tt0241527",
  "Type": "movie",
  "DVD": "16 Dec 2012",
  "BoxOffice": "$318,087,620",
  "Production": "1492 Pictures, Heyday Films, Warner Brothers",
  "Website": "N/A",
  "Response": "True"
}

20:09:04.537 [main]  INFO   com.intuit.karate  - found scenario at line: 9 - ^Film arama islemi$
20:09:04.685 [main]  WARN   com.intuit.karate  - not a js function or feature file: read('classpath:karate-config.js') - [type: STRING, value: http://www.omdbapi.com/]
20:09:05.734 [main]  INFO   com.intuit.karate  - [print] Harry Potter and the Sorcerer's Stone  titlına ait ımdbID :  tt0241527
20:09:05.933 [main]  INFO   com.intuit.karate  - [print] {
  "Title": "Harry Potter and the Sorcerer's Stone",
  "Year": "2001",
  "Rated": "PG",
  "Released": "16 Nov 2001",
  "Runtime": "152 min",
  "Genre": "Adventure, Family, Fantasy",
  "Director": "Chris Columbus",
  "Writer": "J.K. Rowling, Steve Kloves",
  "Actors": "Daniel Radcliffe, Rupert Grint, Richard Harris",
  "Plot": "An orphaned boy enrolls in a school of wizardry, where he learns the truth about himself, his family and the terrible evil that haunts the magical world.",
  "Language": "English",
  "Country": "United Kingdom, United States",
  "Awards": "Nominated for 3 Oscars. 17 wins & 68 nominations total",
  "Poster": "https://m.media-amazon.com/images/M/MV5BNjQ3NWNlNmQtMTE5ZS00MDdmLTlkZjUtZTBlM2UxMGFiMTU3XkEyXkFqcGdeQXVyNjUwNzk3NDc@._V1_SX300.jpg",
  "Ratings": [
    {
      "Source": "Internet Movie Database",
      "Value": "7.6/10"
    },
    {
      "Source": "Rotten Tomatoes",
      "Value": "81%"
    },
    {
      "Source": "Metacritic",
      "Value": "64/100"
    }
  ],
  "Metascore": "64",
  "imdbRating": "7.6",
  "imdbVotes": "684,604",
  "imdbID": "tt0241527",
  "Type": "movie",
  "DVD": "16 Dec 2012",
  "BoxOffice": "$318,087,620",
  "Production": "1492 Pictures, Heyday Films, Warner Brothers",
  "Website": "N/A",
  "Response": "True"
}

20:09:05.945 [main]  ERROR  com.intuit.karate  - assertion failed: path: $.Year, actual: '2001', expected: 2001, reason: not equal (String : Integer)
20:09:24.950 [main]  INFO   com.intuit.karate  - found scenario at line: 9 - ^Film arama islemi$
20:09:25.099 [main]  WARN   com.intuit.karate  - not a js function or feature file: read('classpath:karate-config.js') - [type: STRING, value: http://www.omdbapi.com/]
20:09:26.129 [main]  INFO   com.intuit.karate  - [print] Harry Potter and the Sorcerer's Stone  titlına ait ımdbID :  tt0241527
20:09:26.255 [main]  INFO   com.intuit.karate  - [print] {
  "Title": "Harry Potter and the Sorcerer's Stone",
  "Year": "2001",
  "Rated": "PG",
  "Released": "16 Nov 2001",
  "Runtime": "152 min",
  "Genre": "Adventure, Family, Fantasy",
  "Director": "Chris Columbus",
  "Writer": "J.K. Rowling, Steve Kloves",
  "Actors": "Daniel Radcliffe, Rupert Grint, Richard Harris",
  "Plot": "An orphaned boy enrolls in a school of wizardry, where he learns the truth about himself, his family and the terrible evil that haunts the magical world.",
  "Language": "English",
  "Country": "United Kingdom, United States",
  "Awards": "Nominated for 3 Oscars. 17 wins & 68 nominations total",
  "Poster": "https://m.media-amazon.com/images/M/MV5BNjQ3NWNlNmQtMTE5ZS00MDdmLTlkZjUtZTBlM2UxMGFiMTU3XkEyXkFqcGdeQXVyNjUwNzk3NDc@._V1_SX300.jpg",
  "Ratings": [
    {
      "Source": "Internet Movie Database",
      "Value": "7.6/10"
    },
    {
      "Source": "Rotten Tomatoes",
      "Value": "81%"
    },
    {
      "Source": "Metacritic",
      "Value": "64/100"
    }
  ],
  "Metascore": "64",
  "imdbRating": "7.6",
  "imdbVotes": "684,604",
  "imdbID": "tt0241527",
  "Type": "movie",
  "DVD": "16 Dec 2012",
  "BoxOffice": "$318,087,620",
  "Production": "1492 Pictures, Heyday Films, Warner Brothers",
  "Website": "N/A",
  "Response": "True"
}

20:11:43.130 [main]  INFO   com.intuit.karate  - found scenario at line: 9 - ^Film arama islemi$
20:11:43.270 [main]  WARN   com.intuit.karate  - not a js function or feature file: read('classpath:karate-config.js') - [type: STRING, value: http://www.omdbapi.com/]
20:11:44.224 [main]  INFO   com.intuit.karate  - [print] Harry Potter and the Sorcerer's Stone  titlına ait ımdbID :  tt0241527
20:11:44.390 [main]  INFO   com.intuit.karate  - [print] {
  "Title": "Harry Potter and the Sorcerer's Stone",
  "Year": "2001",
  "Rated": "PG",
  "Released": "16 Nov 2001",
  "Runtime": "152 min",
  "Genre": "Adventure, Family, Fantasy",
  "Director": "Chris Columbus",
  "Writer": "J.K. Rowling, Steve Kloves",
  "Actors": "Daniel Radcliffe, Rupert Grint, Richard Harris",
  "Plot": "An orphaned boy enrolls in a school of wizardry, where he learns the truth about himself, his family and the terrible evil that haunts the magical world.",
  "Language": "English",
  "Country": "United Kingdom, United States",
  "Awards": "Nominated for 3 Oscars. 17 wins & 68 nominations total",
  "Poster": "https://m.media-amazon.com/images/M/MV5BNjQ3NWNlNmQtMTE5ZS00MDdmLTlkZjUtZTBlM2UxMGFiMTU3XkEyXkFqcGdeQXVyNjUwNzk3NDc@._V1_SX300.jpg",
  "Ratings": [
    {
      "Source": "Internet Movie Database",
      "Value": "7.6/10"
    },
    {
      "Source": "Rotten Tomatoes",
      "Value": "81%"
    },
    {
      "Source": "Metacritic",
      "Value": "64/100"
    }
  ],
  "Metascore": "64",
  "imdbRating": "7.6",
  "imdbVotes": "684,604",
  "imdbID": "tt0241527",
  "Type": "movie",
  "DVD": "16 Dec 2012",
  "BoxOffice": "$318,087,620",
  "Production": "1492 Pictures, Heyday Films, Warner Brothers",
  "Website": "N/A",
  "Response": "True"
}

20:11:58.202 [main]  INFO   com.intuit.karate  - found scenario at line: 9 - ^Film arama islemi$
20:11:58.361 [main]  WARN   com.intuit.karate  - not a js function or feature file: read('classpath:karate-config.js') - [type: STRING, value: http://www.omdbapi.com/]
20:11:59.434 [main]  INFO   com.intuit.karate  - [print] Harry Potter and the Sorcerer's Stone  titlına ait ımdbID :  tt0241527
20:11:59.544 [main]  INFO   com.intuit.karate  - [print] {
  "Title": "Harry Potter and the Sorcerer's Stone",
  "Year": "2001",
  "Rated": "PG",
  "Released": "16 Nov 2001",
  "Runtime": "152 min",
  "Genre": "Adventure, Family, Fantasy",
  "Director": "Chris Columbus",
  "Writer": "J.K. Rowling, Steve Kloves",
  "Actors": "Daniel Radcliffe, Rupert Grint, Richard Harris",
  "Plot": "An orphaned boy enrolls in a school of wizardry, where he learns the truth about himself, his family and the terrible evil that haunts the magical world.",
  "Language": "English",
  "Country": "United Kingdom, United States",
  "Awards": "Nominated for 3 Oscars. 17 wins & 68 nominations total",
  "Poster": "https://m.media-amazon.com/images/M/MV5BNjQ3NWNlNmQtMTE5ZS00MDdmLTlkZjUtZTBlM2UxMGFiMTU3XkEyXkFqcGdeQXVyNjUwNzk3NDc@._V1_SX300.jpg",
  "Ratings": [
    {
      "Source": "Internet Movie Database",
      "Value": "7.6/10"
    },
    {
      "Source": "Rotten Tomatoes",
      "Value": "81%"
    },
    {
      "Source": "Metacritic",
      "Value": "64/100"
    }
  ],
  "Metascore": "64",
  "imdbRating": "7.6",
  "imdbVotes": "684,604",
  "imdbID": "tt0241527",
  "Type": "movie",
  "DVD": "16 Dec 2012",
  "BoxOffice": "$318,087,620",
  "Production": "1492 Pictures, Heyday Films, Warner Brothers",
  "Website": "N/A",
  "Response": "True"
}

20:11:59.550 [main]  ERROR  com.intuit.karate  - assertion failed: path: $.Released, actual: '16 Nov 2001', expected: '16 Nov 2002', reason: not equal
20:12:21.058 [main]  INFO   com.intuit.karate  - found scenario at line: 9 - ^Film arama islemi$
20:12:21.218 [main]  WARN   com.intuit.karate  - not a js function or feature file: read('classpath:karate-config.js') - [type: STRING, value: http://www.omdbapi.com/]
20:12:22.209 [main]  INFO   com.intuit.karate  - [print] Harry Potter and the Sorcerer's Stone  titlına ait ımdbID :  tt0241527
20:12:22.364 [main]  INFO   com.intuit.karate  - [print] {
  "Title": "Harry Potter and the Sorcerer's Stone",
  "Year": "2001",
  "Rated": "PG",
  "Released": "16 Nov 2001",
  "Runtime": "152 min",
  "Genre": "Adventure, Family, Fantasy",
  "Director": "Chris Columbus",
  "Writer": "J.K. Rowling, Steve Kloves",
  "Actors": "Daniel Radcliffe, Rupert Grint, Richard Harris",
  "Plot": "An orphaned boy enrolls in a school of wizardry, where he learns the truth about himself, his family and the terrible evil that haunts the magical world.",
  "Language": "English",
  "Country": "United Kingdom, United States",
  "Awards": "Nominated for 3 Oscars. 17 wins & 68 nominations total",
  "Poster": "https://m.media-amazon.com/images/M/MV5BNjQ3NWNlNmQtMTE5ZS00MDdmLTlkZjUtZTBlM2UxMGFiMTU3XkEyXkFqcGdeQXVyNjUwNzk3NDc@._V1_SX300.jpg",
  "Ratings": [
    {
      "Source": "Internet Movie Database",
      "Value": "7.6/10"
    },
    {
      "Source": "Rotten Tomatoes",
      "Value": "81%"
    },
    {
      "Source": "Metacritic",
      "Value": "64/100"
    }
  ],
  "Metascore": "64",
  "imdbRating": "7.6",
  "imdbVotes": "684,604",
  "imdbID": "tt0241527",
  "Type": "movie",
  "DVD": "16 Dec 2012",
  "BoxOffice": "$318,087,620",
  "Production": "1492 Pictures, Heyday Films, Warner Brothers",
  "Website": "N/A",
  "Response": "True"
}

20:15:21.108 [main]  INFO   com.intuit.karate  - found scenario at line: 9 - ^Film arama islemi$
20:15:21.259 [main]  WARN   com.intuit.karate  - not a js function or feature file: read('classpath:karate-config.js') - [type: STRING, value: http://www.omdbapi.com/]
20:16:06.770 [main]  INFO   com.intuit.karate  - found scenario at line: 9 - ^Film arama islemi$
20:16:06.927 [main]  WARN   com.intuit.karate  - not a js function or feature file: read('classpath:karate-config.js') - [type: STRING, value: http://www.omdbapi.com/]
20:16:48.966 [main]  INFO   com.intuit.karate  - found scenario at line: 9 - ^Film arama islemi$
20:16:49.109 [main]  WARN   com.intuit.karate  - not a js function or feature file: read('classpath:karate-config.js') - [type: STRING, value: http://www.omdbapi.com/]
20:20:19.491 [main]  INFO   com.intuit.karate  - found scenario at line: 9 - ^Film arama islemi$
20:20:19.706 [main]  WARN   com.intuit.karate  - not a js function or feature file: read('classpath:karate-config.js') - [type: STRING, value: http://www.omdbapi.com/]
20:22:40.818 [main]  INFO   com.intuit.karate  - found scenario at line: 9 - ^Film arama islemi$
20:22:40.979 [main]  WARN   com.intuit.karate  - not a js function or feature file: read('classpath:karate-config.js') - [type: STRING, value: http://www.omdbapi.com/]
20:23:20.392 [main]  INFO   com.intuit.karate  - found scenario at line: 9 - ^Film arama islemi$
20:23:20.606 [main]  WARN   com.intuit.karate  - not a js function or feature file: read('classpath:karate-config.js') - [type: STRING, value: http://www.omdbapi.com/]
20:23:21.681 [main]  INFO   com.intuit.karate  - [print] Harry Potter and the Sorcerer's Stone  titlına ait ımdbID :  0
20:23:22.168 [main]  INFO   com.intuit.karate  - [print] {
  "Response": "False",
  "Error": "Incorrect IMDb ID."
}

20:23:22.173 [main]  ERROR  com.intuit.karate  - assertion failed: path: $.Year, actual: null, expected: '2001', reason: actual json-path does not exist
20:24:03.127 [main]  INFO   com.intuit.karate  - found scenario at line: 9 - ^Film arama islemi$
20:24:03.294 [main]  WARN   com.intuit.karate  - not a js function or feature file: read('classpath:karate-config.js') - [type: STRING, value: http://www.omdbapi.com/]
20:24:04.264 [main]  INFO   com.intuit.karate  - [print] Harry Potter and the Sorcerer's Stone  titlına ait ımdbID :  0
20:24:04.389 [main]  INFO   com.intuit.karate  - [print] {
  "Response": "False",
  "Error": "Incorrect IMDb ID."
}

20:24:04.393 [main]  ERROR  com.intuit.karate  - assertion failed: path: $.Year, actual: null, expected: 2001, reason: actual json-path does not exist
20:24:40.410 [main]  INFO   com.intuit.karate  - found scenario at line: 9 - ^Film arama islemi$
20:24:40.594 [main]  WARN   com.intuit.karate  - not a js function or feature file: read('classpath:karate-config.js') - [type: STRING, value: http://www.omdbapi.com/]
20:24:41.551 [main]  INFO   com.intuit.karate  - [print] Harry Potter and the Sorcerer's Stone  titlına ait ımdbID :  tt0241527
20:24:41.759 [main]  INFO   com.intuit.karate  - [print] {
  "Title": "Harry Potter and the Sorcerer's Stone",
  "Year": "2001",
  "Rated": "PG",
  "Released": "16 Nov 2001",
  "Runtime": "152 min",
  "Genre": "Adventure, Family, Fantasy",
  "Director": "Chris Columbus",
  "Writer": "J.K. Rowling, Steve Kloves",
  "Actors": "Daniel Radcliffe, Rupert Grint, Richard Harris",
  "Plot": "An orphaned boy enrolls in a school of wizardry, where he learns the truth about himself, his family and the terrible evil that haunts the magical world.",
  "Language": "English",
  "Country": "United Kingdom, United States",
  "Awards": "Nominated for 3 Oscars. 17 wins & 68 nominations total",
  "Poster": "https://m.media-amazon.com/images/M/MV5BNjQ3NWNlNmQtMTE5ZS00MDdmLTlkZjUtZTBlM2UxMGFiMTU3XkEyXkFqcGdeQXVyNjUwNzk3NDc@._V1_SX300.jpg",
  "Ratings": [
    {
      "Source": "Internet Movie Database",
      "Value": "7.6/10"
    },
    {
      "Source": "Rotten Tomatoes",
      "Value": "81%"
    },
    {
      "Source": "Metacritic",
      "Value": "64/100"
    }
  ],
  "Metascore": "64",
  "imdbRating": "7.6",
  "imdbVotes": "684,604",
  "imdbID": "tt0241527",
  "Type": "movie",
  "DVD": "16 Dec 2012",
  "BoxOffice": "$318,087,620",
  "Production": "1492 Pictures, Heyday Films, Warner Brothers",
  "Website": "N/A",
  "Response": "True"
}

16:56:44.876 [main]  INFO   com.intuit.karate  - found scenario at line: 9 - ^Film arama islemi$
16:56:45.020 [main]  WARN   com.intuit.karate  - not a js function or feature file: read('classpath:karate-config.js') - [type: STRING, value: http://www.omdbapi.com/]
16:56:46.128 [main]  INFO   com.intuit.karate  - [print] Harry Potter and the Sorcerer's Stone  titlına ait ımdbID :  tt0241527
16:56:46.519 [main]  INFO   com.intuit.karate  - [print] {
  "Title": "Harry Potter and the Sorcerer's Stone",
  "Year": "2001",
  "Rated": "PG",
  "Released": "16 Nov 2001",
  "Runtime": "152 min",
  "Genre": "Adventure, Family, Fantasy",
  "Director": "Chris Columbus",
  "Writer": "J.K. Rowling, Steve Kloves",
  "Actors": "Daniel Radcliffe, Rupert Grint, Richard Harris",
  "Plot": "An orphaned boy enrolls in a school of wizardry, where he learns the truth about himself, his family and the terrible evil that haunts the magical world.",
  "Language": "English",
  "Country": "United Kingdom, United States",
  "Awards": "Nominated for 3 Oscars. 17 wins & 68 nominations total",
  "Poster": "https://m.media-amazon.com/images/M/MV5BNjQ3NWNlNmQtMTE5ZS00MDdmLTlkZjUtZTBlM2UxMGFiMTU3XkEyXkFqcGdeQXVyNjUwNzk3NDc@._V1_SX300.jpg",
  "Ratings": [
    {
      "Source": "Internet Movie Database",
      "Value": "7.6/10"
    },
    {
      "Source": "Rotten Tomatoes",
      "Value": "81%"
    },
    {
      "Source": "Metacritic",
      "Value": "64/100"
    }
  ],
  "Metascore": "64",
  "imdbRating": "7.6",
  "imdbVotes": "684,604",
  "imdbID": "tt0241527",
  "Type": "movie",
  "DVD": "16 Dec 2012",
  "BoxOffice": "$318,087,620",
  "Production": "1492 Pictures, Heyday Films, Warner Brothers",
  "Website": "N/A",
  "Response": "True"
}

21:42:31.230 [main]  INFO   com.intuit.karate  - found scenario at line: 9 - ^Film arama islemi$
21:42:31.626 [main]  WARN   com.intuit.karate  - not a js function or feature file: read('classpath:karate-config.js') - [type: STRING, value: http://www.omdbapi.com/]
21:42:34.241 [main]  INFO   com.intuit.karate  - [print] Harry Potter and the Sorcerer's Stone  titlına ait ımdbID :  tt0241527
21:42:34.825 [main]  INFO   com.intuit.karate  - [print] <html xmlns="http://www.w3.org/1999/xhtml">
  <head>
    <meta content="text/html; charset=iso-8859-1" http-equiv="Content-Type"/>
    <title>404 - File or directory not found.</title>
    <style type="text/css">
      <!--
body{margin:0;font-size:.7em;font-family:Verdana, Arial, Helvetica, sans-serif;background:#EEEEEE;}
fieldset{padding:0 15px 10px 15px;} 
h1{font-size:2.4em;margin:0;color:#FFF;}
h2{font-size:1.7em;margin:0;color:#CC0000;} 
h3{font-size:1.2em;margin:10px 0 0 0;color:#000000;} 
#header{width:96%;margin:0 0 0 0;padding:6px 2% 6px 2%;font-family:"trebuchet MS", Verdana, sans-serif;color:#FFF;
background-color:#555555;}
#content{margin:0 0 0 2%;position:relative;}
.content-container{background:#FFF;width:96%;margin-top:8px;padding:10px;position:relative;}
-->
    </style>
  </head>
  <body>
    <div id="header">
      <h1>Server Error</h1>
    </div>
    <div id="content">
      <div class="content-container">
        <fieldset>
          <h2>404 - File or directory not found.</h2>
          <h3>The resource you are looking for might have been removed, had its name changed, or is temporarily unavailable.</h3>
        </fieldset>
      </div>
    </div>
  </body>
</html>

21:42:34.833 [main]  ERROR  com.intuit.karate  - assertion failed: path: $.Year, actual: null, expected: '2001', reason: actual json-path does not exist
21:42:44.441 [main]  INFO   com.intuit.karate  - found scenario at line: 9 - ^Film arama islemi$
21:42:44.714 [main]  WARN   com.intuit.karate  - not a js function or feature file: read('classpath:karate-config.js') - [type: STRING, value: http://www.omdbapi.com/]
21:42:46.824 [main]  INFO   com.intuit.karate  - [print] Harry Potter and the Sorcerer's Stone  titlına ait ımdbID :  tt0241527
21:42:47.293 [main]  INFO   com.intuit.karate  - [print] {
  "Title": "Harry Potter and the Sorcerer's Stone",
  "Year": "2001",
  "Rated": "PG",
  "Released": "16 Nov 2001",
  "Runtime": "152 min",
  "Genre": "Adventure, Family, Fantasy",
  "Director": "Chris Columbus",
  "Writer": "J.K. Rowling, Steve Kloves",
  "Actors": "Daniel Radcliffe, Rupert Grint, Richard Harris",
  "Plot": "An orphaned boy enrolls in a school of wizardry, where he learns the truth about himself, his family and the terrible evil that haunts the magical world.",
  "Language": "English",
  "Country": "United Kingdom, United States",
  "Awards": "Nominated for 3 Oscars. 17 wins & 68 nominations total",
  "Poster": "https://m.media-amazon.com/images/M/MV5BNjQ3NWNlNmQtMTE5ZS00MDdmLTlkZjUtZTBlM2UxMGFiMTU3XkEyXkFqcGdeQXVyNjUwNzk3NDc@._V1_SX300.jpg",
  "Ratings": [
    {
      "Source": "Internet Movie Database",
      "Value": "7.6/10"
    },
    {
      "Source": "Rotten Tomatoes",
      "Value": "81%"
    },
    {
      "Source": "Metacritic",
      "Value": "64/100"
    }
  ],
  "Metascore": "64",
  "imdbRating": "7.6",
  "imdbVotes": "684,604",
  "imdbID": "tt0241527",
  "Type": "movie",
  "DVD": "16 Dec 2012",
  "BoxOffice": "$318,087,620",
  "Production": "1492 Pictures, Heyday Films, Warner Brothers",
  "Website": "N/A",
  "Response": "True"
}

